build/app/intermediates/manifest_merge_blame_file/release/manifest-merger-blame-release-report.txt
1<?xml version="1.0" encoding="utf-8"?>
2<manifest xmlns:android="http://schemas.android.com/apk/res/android"
3    package="com.example.no_api_shopping_app"
4    android:versionCode="1"
5    android:versionName="1.0.0" >
6
7    <uses-sdk
8        android:minSdkVersion="21"
8-->src/main/AndroidManifest.xml
9        android:targetSdkVersion="34" />
9-->src/main/AndroidManifest.xml
10
11    <uses-permission android:name="android.permission.INTERNET" />
11-->src/main/AndroidManifest.xml:4:5-67
11-->src/main/AndroidManifest.xml:4:22-64
12
13    <!--
14         Required to query activities that can process text, see:
15         https://developer.android.com/training/package-visibility and
16         https://developer.android.com/reference/android/content/Intent#ACTION_PROCESS_TEXT.
17
18         In particular, this is used by the Flutter engine in io.flutter.plugin.text.ProcessTextPlugin.
19    -->
20    <queries>
20-->src/main/AndroidManifest.xml:45:5-50:15
21        <intent>
21-->src/main/AndroidManifest.xml:46:9-49:18
22            <action android:name="android.intent.action.PROCESS_TEXT" />
22-->src/main/AndroidManifest.xml:47:13-73
22-->src/main/AndroidManifest.xml:47:21-70
23
24            <data android:mimeType="text/plain" />
24-->src/main/AndroidManifest.xml:48:13-51
24-->src/main/AndroidManifest.xml:48:19-48
25        </intent>
26    </queries>
27
28    <permission
28-->[androidx.core:core:1.10.1] AndroidManifest.xml:22:5-24:47
29        android:name="com.example.no_api_shopping_app.DYNAMIC_RECEIVER_NOT_EXPORTED_PERMISSION"
29-->[androidx.core:core:1.10.1] AndroidManifest.xml:23:9-81
30        android:protectionLevel="signature" />
30-->[androidx.core:core:1.10.1] AndroidManifest.xml:24:9-44
31
32    <uses-permission android:name="com.example.no_api_shopping_app.DYNAMIC_RECEIVER_NOT_EXPORTED_PERMISSION" />
32-->[androidx.core:core:1.10.1] AndroidManifest.xml:26:5-97
32-->[androidx.core:core:1.10.1] AndroidManifest.xml:26:22-94
33
34    <application
35        android:name="android.app.Application"
35-->src/main/AndroidManifest.xml:7:9-42
36        android:appComponentFactory="androidx.core.app.CoreComponentFactory"
36-->[androidx.core:core:1.10.1] AndroidManifest.xml:28:18-86
37        android:enableOnBackInvokedCallback="true"
37-->src/main/AndroidManifest.xml:10:9-51
38        android:icon="@mipmap/ic_launcher"
38-->src/main/AndroidManifest.xml:8:9-43
39        android:label="no_api_shopping_app"
39-->src/main/AndroidManifest.xml:11:9-44
40        android:usesCleartextTraffic="true" >
40-->src/main/AndroidManifest.xml:9:9-44
41        <activity
41-->src/main/AndroidManifest.xml:13:9-37:20
42            android:name="com.example.no_api_shopping_app.MainActivity"
42-->src/main/AndroidManifest.xml:14:13-41
43            android:configChanges="orientation|keyboardHidden|keyboard|screenSize|smallestScreenSize|locale|layoutDirection|fontScale|screenLayout|density|uiMode"
43-->src/main/AndroidManifest.xml:15:13-163
44            android:exported="true"
44-->src/main/AndroidManifest.xml:16:13-36
45            android:hardwareAccelerated="true"
45-->src/main/AndroidManifest.xml:17:13-47
46            android:launchMode="singleTop"
46-->src/main/AndroidManifest.xml:18:13-43
47            android:theme="@style/LaunchTheme"
47-->src/main/AndroidManifest.xml:19:13-47
48            android:windowSoftInputMode="adjustResize" >
48-->src/main/AndroidManifest.xml:20:13-55
49
50            <!--
51                 Specifies an Android theme to apply to this Activity as soon as
52                 the Android process has started. This theme is visible to the user
53                 while the Flutter UI initializes. After that, this theme continues
54                 to determine the Window background behind the Flutter UI.
55            -->
56            <meta-data
56-->src/main/AndroidManifest.xml:26:13-28:57
57                android:name="io.flutter.embedding.android.NormalTheme"
57-->src/main/AndroidManifest.xml:27:17-72
58                android:resource="@style/NormalTheme" />
58-->src/main/AndroidManifest.xml:28:17-54
59            <meta-data
59-->src/main/AndroidManifest.xml:29:13-31:37
60                android:name="flutterEmbedding"
60-->src/main/AndroidManifest.xml:30:17-48
61                android:value="2" />
61-->src/main/AndroidManifest.xml:31:17-34
62
63            <intent-filter>
63-->src/main/AndroidManifest.xml:33:13-36:29
64                <action android:name="android.intent.action.MAIN" />
64-->src/main/AndroidManifest.xml:34:17-69
64-->src/main/AndroidManifest.xml:34:25-66
65
66                <category android:name="android.intent.category.LAUNCHER" />
66-->src/main/AndroidManifest.xml:35:17-77
66-->src/main/AndroidManifest.xml:35:27-74
67            </intent-filter>
68        </activity>
69        <activity
69-->[:url_launcher_android] AndroidManifest.xml:10:9-13:74
70            android:name="io.flutter.plugins.urllauncher.WebViewActivity"
70-->[:url_launcher_android] AndroidManifest.xml:11:13-74
71            android:exported="false"
71-->[:url_launcher_android] AndroidManifest.xml:12:13-37
72            android:theme="@android:style/Theme.NoTitleBar.Fullscreen" />
72-->[:url_launcher_android] AndroidManifest.xml:13:13-71
73
74        <uses-library
74-->[androidx.window:window:1.0.0-beta04] AndroidManifest.xml:25:9-27:40
75            android:name="androidx.window.extensions"
75-->[androidx.window:window:1.0.0-beta04] AndroidManifest.xml:26:13-54
76            android:required="false" />
76-->[androidx.window:window:1.0.0-beta04] AndroidManifest.xml:27:13-37
77        <uses-library
77-->[androidx.window:window:1.0.0-beta04] AndroidManifest.xml:28:9-30:40
78            android:name="androidx.window.sidecar"
78-->[androidx.window:window:1.0.0-beta04] AndroidManifest.xml:29:13-51
79            android:required="false" />
79-->[androidx.window:window:1.0.0-beta04] AndroidManifest.xml:30:13-37
80    </application>
81
82</manifest>